CRITICAL - 2026-06-18 15:29:51 --> Error: Class "App\Services\ClienteService" not found
[Method: POST, Route: authenticate]
in APPPATH\Config\Services.php on line 16.
 1 SYSTEMPATH\Config\BaseService.php(251): Config\Services::cliente(false)
 2 APPPATH\Config\Services.php(13): CodeIgniter\Config\BaseService::getSharedInstance('cliente')
 3 SYSTEMPATH\Config\BaseService.php(321): Config\Services::cliente()
 4 SYSTEMPATH\Config\BaseService.php(202): CodeIgniter\Config\BaseService::__callStatic('cliente', [])
 5 SYSTEMPATH\Common.php(1027): CodeIgniter\Config\BaseService::get('cliente')
 6 APPPATH\Controllers\Client.php(14): service('cliente')
 7 SYSTEMPATH\CodeIgniter.php(933): App\Controllers\Client->authenticate()
 8 SYSTEMPATH\CodeIgniter.php(507): CodeIgniter\CodeIgniter->runController(Object(App\Controllers\Client))
 9 SYSTEMPATH\CodeIgniter.php(354): CodeIgniter\CodeIgniter->handleRequest(null, Object(Config\Cache), false)
10 SYSTEMPATH\Boot.php(363): CodeIgniter\CodeIgniter->run()
11 SYSTEMPATH\Boot.php(68): CodeIgniter\Boot::runCodeIgniter(Object(CodeIgniter\CodeIgniter))
12 FCPATH\index.php(59): CodeIgniter\Boot::bootWeb(Object(Config\Paths))
CRITICAL - 2026-06-18 15:29:52 --> Error: Class "App\Services\ClienteService" not found
[Method: POST, Route: authenticate]
in APPPATH\Config\Services.php on line 16.
 1 SYSTEMPATH\Config\BaseService.php(251): Config\Services::cliente(false)
 2 APPPATH\Config\Services.php(13): CodeIgniter\Config\BaseService::getSharedInstance('cliente')
 3 SYSTEMPATH\Config\BaseService.php(321): Config\Services::cliente()
 4 SYSTEMPATH\Config\BaseService.php(202): CodeIgniter\Config\BaseService::__callStatic('cliente', [])
 5 SYSTEMPATH\Common.php(1027): CodeIgniter\Config\BaseService::get('cliente')
 6 APPPATH\Controllers\Client.php(14): service('cliente')
 7 SYSTEMPATH\CodeIgniter.php(933): App\Controllers\Client->authenticate()
 8 SYSTEMPATH\CodeIgniter.php(507): CodeIgniter\CodeIgniter->runController(Object(App\Controllers\Client))
 9 SYSTEMPATH\CodeIgniter.php(354): CodeIgniter\CodeIgniter->handleRequest(null, Object(Config\Cache), false)
10 SYSTEMPATH\Boot.php(363): CodeIgniter\CodeIgniter->run()
11 SYSTEMPATH\Boot.php(68): CodeIgniter\Boot::runCodeIgniter(Object(CodeIgniter\CodeIgniter))
12 FCPATH\index.php(59): CodeIgniter\Boot::bootWeb(Object(Config\Paths))
CRITICAL - 2026-06-18 15:30:57 --> Error: Class "App\Services\ClienteService" not found
[Method: POST, Route: authenticate]
in APPPATH\Config\Services.php on line 16.
 1 SYSTEMPATH\Config\BaseService.php(251): Config\Services::cliente(false)
 2 APPPATH\Config\Services.php(13): CodeIgniter\Config\BaseService::getSharedInstance('cliente')
 3 SYSTEMPATH\Config\BaseService.php(321): Config\Services::cliente()
 4 SYSTEMPATH\Config\BaseService.php(202): CodeIgniter\Config\BaseService::__callStatic('cliente', [])
 5 SYSTEMPATH\Common.php(1027): CodeIgniter\Config\BaseService::get('cliente')
 6 APPPATH\Controllers\Client.php(14): service('cliente')
 7 SYSTEMPATH\CodeIgniter.php(933): App\Controllers\Client->authenticate()
 8 SYSTEMPATH\CodeIgniter.php(507): CodeIgniter\CodeIgniter->runController(Object(App\Controllers\Client))
 9 SYSTEMPATH\CodeIgniter.php(354): CodeIgniter\CodeIgniter->handleRequest(null, Object(Config\Cache), false)
10 SYSTEMPATH\Boot.php(363): CodeIgniter\CodeIgniter->run()
11 SYSTEMPATH\Boot.php(68): CodeIgniter\Boot::runCodeIgniter(Object(CodeIgniter\CodeIgniter))
12 FCPATH\index.php(59): CodeIgniter\Boot::bootWeb(Object(Config\Paths))
CRITICAL - 2026-06-18 15:31:04 --> Error: Class "App\Services\ClienteService" not found
[Method: POST, Route: authenticate]
in APPPATH\Config\Services.php on line 16.
 1 SYSTEMPATH\Config\BaseService.php(251): Config\Services::cliente(false)
 2 APPPATH\Config\Services.php(13): CodeIgniter\Config\BaseService::getSharedInstance('cliente')
 3 SYSTEMPATH\Config\BaseService.php(321): Config\Services::cliente()
 4 SYSTEMPATH\Config\BaseService.php(202): CodeIgniter\Config\BaseService::__callStatic('cliente', [])
 5 SYSTEMPATH\Common.php(1027): CodeIgniter\Config\BaseService::get('cliente')
 6 APPPATH\Controllers\Client.php(14): service('cliente')
 7 SYSTEMPATH\CodeIgniter.php(933): App\Controllers\Client->authenticate()
 8 SYSTEMPATH\CodeIgniter.php(507): CodeIgniter\CodeIgniter->runController(Object(App\Controllers\Client))
 9 SYSTEMPATH\CodeIgniter.php(354): CodeIgniter\CodeIgniter->handleRequest(null, Object(Config\Cache), false)
10 SYSTEMPATH\Boot.php(363): CodeIgniter\CodeIgniter->run()
11 SYSTEMPATH\Boot.php(68): CodeIgniter\Boot::runCodeIgniter(Object(CodeIgniter\CodeIgniter))
12 FCPATH\index.php(59): CodeIgniter\Boot::bootWeb(Object(Config\Paths))
CRITICAL - 2026-06-18 15:33:37 --> ParseError: syntax error, unexpected token "class", expecting "," or ";"
[Method: POST, Route: authenticate]
in APPPATH\Controllers\Client.php on line 6.
 1 SYSTEMPATH\Autoloader\Autoloader.php(295): CodeIgniter\Autoloader\Autoloader->includeFile('C:\\Users\\gabri\\OneDrive\\Documentos\\Faculdade\\2026\\Trabalho-Final\\app\\Controllers\\Client.php')
 2 SYSTEMPATH\Autoloader\Autoloader.php(271): CodeIgniter\Autoloader\Autoloader->loadInNamespace('App\\Controllers\\Client')
 3 [internal function]: CodeIgniter\Autoloader\Autoloader->loadClass('App\\Controllers\\Client')
 4 SYSTEMPATH\CodeIgniter.php(885): class_exists('\\App\\Controllers\\Client', true)
 5 SYSTEMPATH\CodeIgniter.php(494): CodeIgniter\CodeIgniter->startController()
 6 SYSTEMPATH\CodeIgniter.php(354): CodeIgniter\CodeIgniter->handleRequest(null, Object(Config\Cache), false)
 7 SYSTEMPATH\Boot.php(363): CodeIgniter\CodeIgniter->run()
 8 SYSTEMPATH\Boot.php(68): CodeIgniter\Boot::runCodeIgniter(Object(CodeIgniter\CodeIgniter))
 9 FCPATH\index.php(59): CodeIgniter\Boot::bootWeb(Object(Config\Paths))
CRITICAL - 2026-06-18 15:33:39 --> ParseError: syntax error, unexpected token "class", expecting "," or ";"
[Method: POST, Route: authenticate]
in APPPATH\Controllers\Client.php on line 6.
 1 SYSTEMPATH\Autoloader\Autoloader.php(295): CodeIgniter\Autoloader\Autoloader->includeFile('C:\\Users\\gabri\\OneDrive\\Documentos\\Faculdade\\2026\\Trabalho-Final\\app\\Controllers\\Client.php')
 2 SYSTEMPATH\Autoloader\Autoloader.php(271): CodeIgniter\Autoloader\Autoloader->loadInNamespace('App\\Controllers\\Client')
 3 [internal function]: CodeIgniter\Autoloader\Autoloader->loadClass('App\\Controllers\\Client')
 4 SYSTEMPATH\CodeIgniter.php(885): class_exists('\\App\\Controllers\\Client', true)
 5 SYSTEMPATH\CodeIgniter.php(494): CodeIgniter\CodeIgniter->startController()
 6 SYSTEMPATH\CodeIgniter.php(354): CodeIgniter\CodeIgniter->handleRequest(null, Object(Config\Cache), false)
 7 SYSTEMPATH\Boot.php(363): CodeIgniter\CodeIgniter->run()
 8 SYSTEMPATH\Boot.php(68): CodeIgniter\Boot::runCodeIgniter(Object(CodeIgniter\CodeIgniter))
 9 FCPATH\index.php(59): CodeIgniter\Boot::bootWeb(Object(Config\Paths))
CRITICAL - 2026-06-18 15:33:48 --> Error: Class "App\Services\ClienteService" not found
[Method: POST, Route: authenticate]
in APPPATH\Config\Services.php on line 16.
 1 SYSTEMPATH\Config\BaseService.php(251): Config\Services::cliente(false)
 2 APPPATH\Config\Services.php(13): CodeIgniter\Config\BaseService::getSharedInstance('cliente')
 3 SYSTEMPATH\Config\BaseService.php(321): Config\Services::cliente()
 4 SYSTEMPATH\Config\BaseService.php(202): CodeIgniter\Config\BaseService::__callStatic('cliente', [])
 5 SYSTEMPATH\Common.php(1027): CodeIgniter\Config\BaseService::get('cliente')
 6 APPPATH\Controllers\Client.php(15): service('cliente')
 7 SYSTEMPATH\CodeIgniter.php(933): App\Controllers\Client->authenticate()
 8 SYSTEMPATH\CodeIgniter.php(507): CodeIgniter\CodeIgniter->runController(Object(App\Controllers\Client))
 9 SYSTEMPATH\CodeIgniter.php(354): CodeIgniter\CodeIgniter->handleRequest(null, Object(Config\Cache), false)
10 SYSTEMPATH\Boot.php(363): CodeIgniter\CodeIgniter->run()
11 SYSTEMPATH\Boot.php(68): CodeIgniter\Boot::runCodeIgniter(Object(CodeIgniter\CodeIgniter))
12 FCPATH\index.php(59): CodeIgniter\Boot::bootWeb(Object(Config\Paths))
CRITICAL - 2026-06-18 15:33:50 --> Error: Class "App\Services\ClienteService" not found
[Method: POST, Route: authenticate]
in APPPATH\Config\Services.php on line 16.
 1 SYSTEMPATH\Config\BaseService.php(251): Config\Services::cliente(false)
 2 APPPATH\Config\Services.php(13): CodeIgniter\Config\BaseService::getSharedInstance('cliente')
 3 SYSTEMPATH\Config\BaseService.php(321): Config\Services::cliente()
 4 SYSTEMPATH\Config\BaseService.php(202): CodeIgniter\Config\BaseService::__callStatic('cliente', [])
 5 SYSTEMPATH\Common.php(1027): CodeIgniter\Config\BaseService::get('cliente')
 6 APPPATH\Controllers\Client.php(15): service('cliente')
 7 SYSTEMPATH\CodeIgniter.php(933): App\Controllers\Client->authenticate()
 8 SYSTEMPATH\CodeIgniter.php(507): CodeIgniter\CodeIgniter->runController(Object(App\Controllers\Client))
 9 SYSTEMPATH\CodeIgniter.php(354): CodeIgniter\CodeIgniter->handleRequest(null, Object(Config\Cache), false)
10 SYSTEMPATH\Boot.php(363): CodeIgniter\CodeIgniter->run()
11 SYSTEMPATH\Boot.php(68): CodeIgniter\Boot::runCodeIgniter(Object(CodeIgniter\CodeIgniter))
12 FCPATH\index.php(59): CodeIgniter\Boot::bootWeb(Object(Config\Paths))
CRITICAL - 2026-06-18 15:33:50 --> Error: Class "App\Services\ClienteService" not found
[Method: POST, Route: authenticate]
in APPPATH\Config\Services.php on line 16.
 1 SYSTEMPATH\Config\BaseService.php(251): Config\Services::cliente(false)
 2 APPPATH\Config\Services.php(13): CodeIgniter\Config\BaseService::getSharedInstance('cliente')
 3 SYSTEMPATH\Config\BaseService.php(321): Config\Services::cliente()
 4 SYSTEMPATH\Config\BaseService.php(202): CodeIgniter\Config\BaseService::__callStatic('cliente', [])
 5 SYSTEMPATH\Common.php(1027): CodeIgniter\Config\BaseService::get('cliente')
 6 APPPATH\Controllers\Client.php(15): service('cliente')
 7 SYSTEMPATH\CodeIgniter.php(933): App\Controllers\Client->authenticate()
 8 SYSTEMPATH\CodeIgniter.php(507): CodeIgniter\CodeIgniter->runController(Object(App\Controllers\Client))
 9 SYSTEMPATH\CodeIgniter.php(354): CodeIgniter\CodeIgniter->handleRequest(null, Object(Config\Cache), false)
10 SYSTEMPATH\Boot.php(363): CodeIgniter\CodeIgniter->run()
11 SYSTEMPATH\Boot.php(68): CodeIgniter\Boot::runCodeIgniter(Object(CodeIgniter\CodeIgniter))
12 FCPATH\index.php(59): CodeIgniter\Boot::bootWeb(Object(Config\Paths))
CRITICAL - 2026-06-18 15:33:50 --> Error: Class "App\Services\ClienteService" not found
[Method: POST, Route: authenticate]
in APPPATH\Config\Services.php on line 16.
 1 SYSTEMPATH\Config\BaseService.php(251): Config\Services::cliente(false)
 2 APPPATH\Config\Services.php(13): CodeIgniter\Config\BaseService::getSharedInstance('cliente')
 3 SYSTEMPATH\Config\BaseService.php(321): Config\Services::cliente()
 4 SYSTEMPATH\Config\BaseService.php(202): CodeIgniter\Config\BaseService::__callStatic('cliente', [])
 5 SYSTEMPATH\Common.php(1027): CodeIgniter\Config\BaseService::get('cliente')
 6 APPPATH\Controllers\Client.php(15): service('cliente')
 7 SYSTEMPATH\CodeIgniter.php(933): App\Controllers\Client->authenticate()
 8 SYSTEMPATH\CodeIgniter.php(507): CodeIgniter\CodeIgniter->runController(Object(App\Controllers\Client))
 9 SYSTEMPATH\CodeIgniter.php(354): CodeIgniter\CodeIgniter->handleRequest(null, Object(Config\Cache), false)
10 SYSTEMPATH\Boot.php(363): CodeIgniter\CodeIgniter->run()
11 SYSTEMPATH\Boot.php(68): CodeIgniter\Boot::runCodeIgniter(Object(CodeIgniter\CodeIgniter))
12 FCPATH\index.php(59): CodeIgniter\Boot::bootWeb(Object(Config\Paths))
CRITICAL - 2026-06-18 15:34:08 --> Error: Class "App\Services\ClienteService" not found
[Method: POST, Route: authenticate]
in APPPATH\Config\Services.php on line 16.
 1 SYSTEMPATH\Config\BaseService.php(251): Config\Services::cliente(false)
 2 APPPATH\Config\Services.php(13): CodeIgniter\Config\BaseService::getSharedInstance('cliente')
 3 SYSTEMPATH\Config\BaseService.php(321): Config\Services::cliente()
 4 SYSTEMPATH\Config\BaseService.php(202): CodeIgniter\Config\BaseService::__callStatic('cliente', [])
 5 SYSTEMPATH\Common.php(1027): CodeIgniter\Config\BaseService::get('cliente')
 6 APPPATH\Controllers\Client.php(16): service('cliente')
 7 SYSTEMPATH\CodeIgniter.php(933): App\Controllers\Client->authenticate()
 8 SYSTEMPATH\CodeIgniter.php(507): CodeIgniter\CodeIgniter->runController(Object(App\Controllers\Client))
 9 SYSTEMPATH\CodeIgniter.php(354): CodeIgniter\CodeIgniter->handleRequest(null, Object(Config\Cache), false)
10 SYSTEMPATH\Boot.php(363): CodeIgniter\CodeIgniter->run()
11 SYSTEMPATH\Boot.php(68): CodeIgniter\Boot::runCodeIgniter(Object(CodeIgniter\CodeIgniter))
12 FCPATH\index.php(59): CodeIgniter\Boot::bootWeb(Object(Config\Paths))
CRITICAL - 2026-06-18 15:34:09 --> Error: Class "App\Services\ClienteService" not found
[Method: POST, Route: authenticate]
in APPPATH\Config\Services.php on line 16.
 1 SYSTEMPATH\Config\BaseService.php(251): Config\Services::cliente(false)
 2 APPPATH\Config\Services.php(13): CodeIgniter\Config\BaseService::getSharedInstance('cliente')
 3 SYSTEMPATH\Config\BaseService.php(321): Config\Services::cliente()
 4 SYSTEMPATH\Config\BaseService.php(202): CodeIgniter\Config\BaseService::__callStatic('cliente', [])
 5 SYSTEMPATH\Common.php(1027): CodeIgniter\Config\BaseService::get('cliente')
 6 APPPATH\Controllers\Client.php(16): service('cliente')
 7 SYSTEMPATH\CodeIgniter.php(933): App\Controllers\Client->authenticate()
 8 SYSTEMPATH\CodeIgniter.php(507): CodeIgniter\CodeIgniter->runController(Object(App\Controllers\Client))
 9 SYSTEMPATH\CodeIgniter.php(354): CodeIgniter\CodeIgniter->handleRequest(null, Object(Config\Cache), false)
10 SYSTEMPATH\Boot.php(363): CodeIgniter\CodeIgniter->run()
11 SYSTEMPATH\Boot.php(68): CodeIgniter\Boot::runCodeIgniter(Object(CodeIgniter\CodeIgniter))
12 FCPATH\index.php(59): CodeIgniter\Boot::bootWeb(Object(Config\Paths))
CRITICAL - 2026-06-18 15:34:20 --> Error: Class "App\Services\ClienteService" not found
[Method: POST, Route: authenticate]
in APPPATH\Config\Services.php on line 16.
 1 SYSTEMPATH\Config\BaseService.php(251): Config\Services::cliente(false)
 2 APPPATH\Config\Services.php(13): CodeIgniter\Config\BaseService::getSharedInstance('cliente')
 3 SYSTEMPATH\Config\BaseService.php(321): Config\Services::cliente()
 4 SYSTEMPATH\Config\BaseService.php(202): CodeIgniter\Config\BaseService::__callStatic('cliente', [])
 5 SYSTEMPATH\Common.php(1027): CodeIgniter\Config\BaseService::get('cliente')
 6 APPPATH\Controllers\Client.php(17): service('cliente')
 7 SYSTEMPATH\CodeIgniter.php(933): App\Controllers\Client->authenticate()
 8 SYSTEMPATH\CodeIgniter.php(507): CodeIgniter\CodeIgniter->runController(Object(App\Controllers\Client))
 9 SYSTEMPATH\CodeIgniter.php(354): CodeIgniter\CodeIgniter->handleRequest(null, Object(Config\Cache), false)
10 SYSTEMPATH\Boot.php(363): CodeIgniter\CodeIgniter->run()
11 SYSTEMPATH\Boot.php(68): CodeIgniter\Boot::runCodeIgniter(Object(CodeIgniter\CodeIgniter))
12 FCPATH\index.php(59): CodeIgniter\Boot::bootWeb(Object(Config\Paths))
CRITICAL - 2026-06-18 15:34:24 --> Error: Class "App\Services\ClienteService" not found
[Method: POST, Route: authenticate]
in APPPATH\Config\Services.php on line 16.
 1 SYSTEMPATH\Config\BaseService.php(251): Config\Services::cliente(false)
 2 APPPATH\Config\Services.php(13): CodeIgniter\Config\BaseService::getSharedInstance('cliente')
 3 SYSTEMPATH\Config\BaseService.php(321): Config\Services::cliente()
 4 SYSTEMPATH\Config\BaseService.php(202): CodeIgniter\Config\BaseService::__callStatic('cliente', [])
 5 SYSTEMPATH\Common.php(1027): CodeIgniter\Config\BaseService::get('cliente')
 6 APPPATH\Controllers\Client.php(17): service('cliente')
 7 SYSTEMPATH\CodeIgniter.php(933): App\Controllers\Client->authenticate()
 8 SYSTEMPATH\CodeIgniter.php(507): CodeIgniter\CodeIgniter->runController(Object(App\Controllers\Client))
 9 SYSTEMPATH\CodeIgniter.php(354): CodeIgniter\CodeIgniter->handleRequest(null, Object(Config\Cache), false)
10 SYSTEMPATH\Boot.php(363): CodeIgniter\CodeIgniter->run()
11 SYSTEMPATH\Boot.php(68): CodeIgniter\Boot::runCodeIgniter(Object(CodeIgniter\CodeIgniter))
12 FCPATH\index.php(59): CodeIgniter\Boot::bootWeb(Object(Config\Paths))
